1562353757871	mozrunner::runner	INFO	Running command: "C:\\Program Files\\Mozilla Firefox\\firefox.exe" "-marionette" "-foreground" "-no-remote" "-profile" "C:\\Users\\egilron\\AppData\\Local\\Temp\\1\\rust_mozprofile.e453lluGYx50"
1562353758795	addons.webextension.screenshots@mozilla.org	WARN	Loading extension 'screenshots@mozilla.org': Reading manifest: Invalid extension permission: mozillaAddons
1562353758809	addons.webextension.screenshots@mozilla.org	WARN	Loading extension 'screenshots@mozilla.org': Reading manifest: Invalid extension permission: resource://pdf.js/
1562353758810	addons.webextension.screenshots@mozilla.org	WARN	Loading extension 'screenshots@mozilla.org': Reading manifest: Invalid extension permission: about:reader*
1562353761566	Marionette	INFO	Listening on port 60720
1562353761715	Marionette	WARN	TLS certificate errors will be ignored for this session
[Parent 27044, Gecko_IOThread] WARNING: pipe error: 109: file z:/task_1560988636/build/src/ipc/chromium/src/chrome/common/ipc_channel_win.cc, line 341
[Child 11388, Chrome_ChildThread] WARNING: pipe error: 109: file z:/task_1560988636/build/src/ipc/chromium/src/chrome/common/ipc_channel_win.cc, line 341
[console.error: BroadcastService: 
  receivedBroadcastMessage: handler for
  remote-settings/monitor_changes
  threw error:
  Message: Error: Polling for changes failed: http://%(server)s/dummy/blocklist//buckets/monitor/collections/changes/records?_expected=%221562337046257%22 is not a valid URL..
  Stack:
    remoteSettingsFunction/remoteSettings.pollChanges@resource://services-settings/remote-settings.js:203:13

JavaScript error: https://www.ynet.co.il/home/0,7340,L-8,00.html, line 1083: ReferenceError: upManager is not defined
JavaScript warning: https://www.ynet.co.il/Cmn/App/Video/CmmAppVideoApi_Js/0,13777,280716135620,00.html, line 1865: unreachable code after return statement
[Parent 27044, Gecko_IOThread] WARNING: pipe error: 109: file z:/task_1560988636/build/src/ipc/chromium/src/chrome/common/ipc_channel_win.cc, line 341
[Child 31584, Chrome_ChildThread] WARNING: pipe error: 109: file z:/task_1560988636/build/src/ipc/chromium/src/chrome/common/ipc_channel_win.cc, line 341
[[Parent 27044, Gecko_IOThread] WARNING: pipe error: 109: file z:/task_1560988636/build/src/ipc/chromium/src/chrome/common/ipc_channel_win.cc, line 341
[Child 12840, Chrome_ChildThread] WARNING: pipe error: 109: file z:/task_1560988636/build/src/ipc/chromium/src/chrome/common/ipc_channel_win.cc, line 341
[Child 12[Parent 27044, Gecko_IOThread] WARNING: pipe error: 109: file z:/task_1560988636/build/src/ipc/chromium/src/chrome/common/ipc_channel_win.cc, line 341
[Child 664, Chrome_ChildThread] WARNING: pipe error: 109: file z:/task_1560988636/build/src/ipc/chromium/src/chrome/common/ipc_channel_win.cc, line 341
[C1562353815736	Marionette	INFO	Stopped listening on port 60720

###!!! [Child][RunMessage] Error: Channel closing: too late to send/recv, messages will be lost


###!!! [Child][MessageChannel::SendAndWait] Error: Channel error: cannot send/recv

JavaScript error: resource://gre/modules/osfile/osfile_async_front.jsm, line 400: Error: OS.File has been shut down. Rejecting post to stat
1562437359983	mozrunner::runner	INFO	Running command: "C:\\Program Files\\Mozilla Firefox\\firefox.exe" "-marionette" "-foreground" "-no-remote" "-profile" "C:\\Users\\egilron\\AppData\\Local\\Temp\\1\\rust_mozprofile.hRHEg2sZzExc"
1562437361211	addons.webextension.screenshots@mozilla.org	WARN	Loading extension 'screenshots@mozilla.org': Reading manifest: Invalid extension permission: mozillaAddons
1562437361219	addons.webextension.screenshots@mozilla.org	WARN	Loading extension 'screenshots@mozilla.org': Reading manifest: Invalid extension permission: resource://pdf.js/
1562437361219	addons.webextension.screenshots@mozilla.org	WARN	Loading extension 'screenshots@mozilla.org': Reading manifest: Invalid extension permission: about:reader*
1562437364823	Marionette	INFO	Listening on port 51946
1562437364930	Marionette	WARN	TLS certificate errors will be ignored for this session
JavaScript error: https://www.ynet.co.il/home/0,7340,L-8,00.html, line 1083: ReferenceError: upManager is not defined
JavaScript warning: https://www.ynet.co.il/Cmn/App/Video/CmmAppVideoApi_Js/0,13777,280716135620,00.html, line 1865: unreachable code after return statement
[Parent 20608, Gecko_IOThread] WARNING: pipe error: 109: file z:/task_1560988636/build/src/ipc/chromium/src/chrome/common/ipc_channel_win.cc, line 341
[Parent 20608, Gecko_IOThread] WARNING: pipe error: 109: file z:/task_1560988636/build/src/ipc/chromium/src/chrome/common/ipc_channel_win.cc, line 341
JavaScript error: https://www.ynet.co.il/articles/0,7340,L-5544702,00.html, line 423: ReferenceError: upManager is not defined
JavaScript warning: https://www.ynet.co.il/common/javascript/jquery.min.js, line 2: Using //@ to indicate sourceMappingURL pragmas is deprecated. Use //# instead
JavaScript error: https://server.exposebox.com/dmp/categories?c=17, line 1: ReferenceError: AdUnit_functions is not defined
JavaScript error: https://www.ynet.co.il/articles/0,7340,L-5544702,00.html, line 526: ReferenceError: DYO is not defined
JavaScript error: https://www.ynet.co.il/articles/0,7340,L-5544702,00.html, line 526: ReferenceError: DYO is not defined
JavaScript error: https://www.ynet.co.il/articles/0,7340,L-5544702,00.html, line 526: ReferenceError: DYO is not defined
JavaScript error: https://www.ynet.co.il/articles/0,7340,L-5544702,00.html, line 526: ReferenceError: DYO is not defined
JavaScript error: https://www.ynet.co.il/articles/0,7340,L-5544702,00.html, line 526: ReferenceError: DYO is not defined
JavaScript error: https://www.ynet.co.il/articles/0,7340,L-5544702,00.html, line 526: ReferenceError: DYO is not defined
JavaScript error: https://www.ynet.co.il/articles/0,7340,L-5544702,00.html, line 526: ReferenceError: DYO is not defined
JavaScript warning: https://www.ynet.co.il/images/articlepiclightbox/jquery-1.10.2.min.js, line 2: Using //@ to indicate sourceMappingURL pragmas is deprecated. Use //# instead
JavaScript warning: https://www.ynet.co.il/images/articlepiclightbox/jquery-1.10.2.min.js, line 2: Using //@ to indicate sourceMappingURL pragmas is deprecated. Use //# instead
JavaScript warning: https://www.ynet.co.il/images/articlepiclightbox/jquery-1.10.2.min.js, line 2: Using //@ to indicate sourceMappingURL pragmas is deprecated. Use //# instead
JavaScript warning: https://www.ynet.co.il/images/articlepiclightbox/jquery-1.10.2.min.js, line 2: Using //@ to indicate sourceMappingURL pragmas is deprecated. Use //# instead
JavaScript error: https://www.ynet.co.il/articles/0,7340,L-5544702,00.html, line 1425: ReferenceError: DYO is not defined
JavaScript error: https://www.ynet.co.il/articles/0,7340,L-5544702,00.html, line 1425: ReferenceError: DYO is not defined
JavaScript error: https://www.ynet.co.il/articles/0,7340,L-5544702,00.html, line 1425: ReferenceError: DYO is not defined
JavaScript error: https://www.ynet.co.il/articles/0,7340,L-5544702,00.html, line 1425: ReferenceError: DYO is not defined
JavaScript error: https://www.ynet.co.il/articles/0,7340,L-5544702,00.html, line 1425: ReferenceError: DYO is not defined
JavaScript error: https://www.ynet.co.il/articles/0,7340,L-5544702,00.html, line 1425: ReferenceError: DYO is not defined
JavaScript warning: https://www.ynet.co.il/novgnpre/Common/Api/StaticFile/CmmApiStaticFileInclude/0,14179,generator-article-js-v512,00.js, line 124: unreachable code after return statement
JavaScript warning: https://www.ynet.co.il/novgnpre/Common/Api/StaticFile/CmmApiStaticFileInclude/0,14179,generator-article-js-v512,00.js, line 124: unreachable code after return statement
JavaScript warning: https://www.ynet.co.il/video/vast/0,20658,387670-5544702,00.html?obj={%22callbacks%22:{%22onVastProgress%22:%22tgllFloating387670%22,%22onFinish%22:%22pageRefreshEnable%22},%22site_lang%22:%22he_IL%22,%22FlpATfPrcntg%22:%22-1%22}, line 73: unreachable code after return statement
JavaScript warning: https://www.ynet.co.il/video/vast/0,20658,387670-5544702,00.html?obj={%22callbacks%22:{%22onVastProgress%22:%22tgllFloating387670%22,%22onFinish%22:%22pageRefreshEnable%22},%22site_lang%22:%22he_IL%22,%22FlpATfPrcntg%22:%22-1%22}, line 73: unreachable code after return statement
JavaScript warning: https://www.ynet.co.il/video/vast/0,20658,387670-5544702,00.html?obj={%22callbacks%22:{%22onVastProgress%22:%22tgllFloating387670%22,%22onFinish%22:%22pageRefreshEnable%22},%22site_lang%22:%22he_IL%22,%22FlpATfPrcntg%22:%22-1%22}, line 583: unreachable code after return statement
JavaScript warning: https://www.ynet.co.il/video/vast/0,20658,387670-5544702,00.html?obj={%22callbacks%22:{%22onVastProgress%22:%22tgllFloating387670%22,%22onFinish%22:%22pageRefreshEnable%22},%22site_lang%22:%22he_IL%22,%22FlpATfPrcntg%22:%22-1%22}, line 583: unreachable code after return statement
[Parent 20608, Gecko_IOThread] WARNING: pipe error: 109: file z:/task_1560988636/build/src/ipc/chromium/src/chrome/common/ipc_channel_win.cc, line 341
JavaScript warning: https://www.ynet.co.il/video/vast/0,20658,387670-5544702,00.html?obj={%22callbacks%22:{%22onVastProgress%22:%22tgllFloating387670%22,%22onFinish%22:%22pageRefreshEnable%22},%22site_lang%22:%22he_IL%22,%22FlpATfPrcntg%22:%22-1%22}, line 73: unreachable code after return statement
JavaScript warning: https://www.ynet.co.il/video/vast/0,20658,387670-5544702,00.html?obj={%22callbacks%22:{%22onVastProgress%22:%22tgllFloating387670%22,%22onFinish%22:%22pageRefreshEnable%22},%22site_lang%22:%22he_IL%22,%22FlpATfPrcntg%22:%22-1%22}, line 73: unreachable code after return statement
JavaScript warning: https://www.ynet.co.il/video/vast/0,20658,387670-5544702,00.html?obj={%22callbacks%22:{%22onVastProgress%22:%22tgllFloating387670%22,%22onFinish%22:%22pageRefreshEnable%22},%22site_lang%22:%22he_IL%22,%22FlpATfPrcntg%22:%22-1%22}, line 583: unreachable code after return statement
JavaScript warning: https://www.ynet.co.il/video/vast/0,20658,387670-5544702,00.html?obj={%22callbacks%22:{%22onVastProgress%22:%22tgllFloating387670%22,%22onFinish%22:%22pageRefreshEnable%22},%22site_lang%22:%22he_IL%22,%22FlpATfPrcntg%22:%22-1%22}, line 583: unreachable code after return statement
IPDL protocol error: Handler returned error code!

###!!! [Parent][DispatchAsyncMessage] Error: PImageBridge::Msg_Update Processing error: message was deserialized, but the handler returned false (indicating failure)

IPDL protocol error: Handler returned error code!

###!!! [Parent][DispatchAsyncMessage] Error: PImageBridge::Msg_Update Processing error: message was deserialized, but the handler returned false (indicating failure)

[Child 20424, Chrome_ChildThread] WARIPDL protocol error: Handler returned error code!

###!!! [Parent][DispatchAsyncMessage] Error: PImageBridge::Msg_Update Processing error: message was deserialized, but the handler returned false (indicating failure)

NING: pipe error: 109: file z:/task_1560988636/build/src/ipc/chromium/src/chrome/common/ipc_channel_win.cc, line 341
[IPDL protocol error: Handler returned error code!

###!!! [Parent][DispatchAsyncMessage] Error: PImageBridge::Msg_Update Processing error: message was deserialized, but the handler returned false (indicating failure)

IPDL protocol error: Handler returned error code!

###!!! [Parent][DispatchAsyncMessage] Error: PImageBridge::Msg_Update Processing error: message was deserialized, but the handler returned false (indicating failure)

[Parent 20608, Gecko_IOThread] WARNING: pipe error: 109: file z:/task_1560988636/build/src/ipc/chromium/src/chrome/common/ipc_channel_win.cc, line 341
[Parent 20608, Gecko_IOThread] WARNING: pipe error: 109: file z:/task_1560988636/build/src/ipc/chromium/src/chrome/common/ipc_channel_winIPDL protocol error: Handler returned error code!
.cc, line 341

###!!! [Parent][DispatchAsyncMessage] Error: PImageBridge::Msg_Update Processing error: message was deserialized, but the handler returned false (indicating failure)

[Parent 20608, Gecko_IIPDL protocol error: Handler returned error code!
OTh
###!!! [Parent][DispatchAsyncMessage] Error: PImageBridge::Msg_Update Processing error: message was deserialized, but the handler returned false (indicating failure)

read] WARNING: pipe error: 109: file z:/task_1560988636/build/src/ipc/chromium/src/chrome/common/ipc_channel_win.cc, line 341
[Parent 20608, Gecko_IOThread] WARNING: pipe error: 109: file z:/task_1560988636/build/src/ipc/chromium/src/chrome/common/ipc_channel_win.cc, line 341
[Child 30676, Chrome_ChildThread] WARNING: pipe error: 109: file z:/task_1560988636/build/src/ipc/chromium/src/chrome/common/ipc_channel_win.cc, line 341
[[CChhiilldd 3 09244, Chrome_ChildThr6ead] WARNING: pipe error: 109: file z:/task_1560988636/build/7src/ipc/chromium/src/chrome/common/ipc_channel_win.cc, line 341
6[, Chrome_ChildThread] WARNING: pipe error: 109: file z:/task_1560988636/build/src/ipc/chromium/src/chrome/common/ipc_channel_win.cc, line 341

###!!! [Child][MessageChannel] Error: (msgtype=0x530005,name=PHttpChannel::Msg_Cancel) Closed channel: cannot send/recv

1562437569490	Marionette	INFO	Stopped listening on port 51946
[GPU
###!!! [Child][MessageChannel::SendAndWait] Error: Channel error: cannot send/recv

